{"total": {"lines":{"total":851,"covered":439,"skipped":0,"pct":51.58},"statements":{"total":896,"covered":448,"skipped":0,"pct":50},"functions":{"total":286,"covered":139,"skipped":0,"pct":48.6},"branches":{"total":434,"covered":187,"skipped":0,"pct":43.08},"branchesTrue":{"total":0,"covered":0,"skipped":0,"pct":100}}
,"C:\\Users\\guts\\Documents\\GitHub\\LavaClean\\frontend\\src\\App.tsx": {"lines":{"total":1,"covered":0,"skipped":0,"pct":0},"functions":{"total":1,"covered":0,"skipped":0,"pct":0},"statements":{"total":1,"covered":0,"skipped":0,"pct":0},"branches":{"total":0,"covered":0,"skipped":0,"pct":100}}
,"C:\\Users\\guts\\Documents\\GitHub\\LavaClean\\frontend\\src\\api\\apiClient.ts": {"lines":{"total":26,"covered":14,"skipped":0,"pct":53.84},"functions":{"total":1,"covered":1,"skipped":0,"pct":100},"statements":{"total":26,"covered":14,"skipped":0,"pct":53.84},"branches":{"total":26,"covered":19,"skipped":0,"pct":73.07}}
,"C:\\Users\\guts\\Documents\\GitHub\\LavaClean\\frontend\\src\\api\\authService.ts": {"lines":{"total":2,"covered":2,"skipped":0,"pct":100},"functions":{"total":1,"covered":1,"skipped":0,"pct":100},"statements":{"total":2,"covered":2,"skipped":0,"pct":100},"branches":{"total":0,"covered":0,"skipped":0,"pct":100}}
,"C:\\Users\\guts\\Documents\\GitHub\\LavaClean\\frontend\\src\\api\\inventarioService.ts": {"lines":{"total":9,"covered":8,"skipped":0,"pct":88.88},"functions":{"total":8,"covered":7,"skipped":0,"pct":87.5},"statements":{"total":9,"covered":8,"skipped":0,"pct":88.88},"branches":{"total":0,"covered":0,"skipped":0,"pct":100}}
,"C:\\Users\\guts\\Documents\\GitHub\\LavaClean\\frontend\\src\\api\\pedidoService.ts": {"lines":{"total":6,"covered":6,"skipped":0,"pct":100},"functions":{"total":4,"covered":4,"skipped":0,"pct":100},"statements":{"total":6,"covered":6,"skipped":0,"pct":100},"branches":{"total":0,"covered":0,"skipped":0,"pct":100}}
,"C:\\Users\\guts\\Documents\\GitHub\\LavaClean\\frontend\\src\\api\\prendaService.ts": {"lines":{"total":5,"covered":5,"skipped":0,"pct":100},"functions":{"total":4,"covered":4,"skipped":0,"pct":100},"statements":{"total":5,"covered":5,"skipped":0,"pct":100},"branches":{"total":0,"covered":0,"skipped":0,"pct":100}}
,"C:\\Users\\guts\\Documents\\GitHub\\LavaClean\\frontend\\src\\api\\servicioService.ts": {"lines":{"total":5,"covered":5,"skipped":0,"pct":100},"functions":{"total":4,"covered":4,"skipped":0,"pct":100},"statements":{"total":5,"covered":5,"skipped":0,"pct":100},"branches":{"total":0,"covered":0,"skipped":0,"pct":100}}
,"C:\\Users\\guts\\Documents\\GitHub\\LavaClean\\frontend\\src\\api\\usuarioService.ts": {"lines":{"total":6,"covered":6,"skipped":0,"pct":100},"functions":{"total":5,"covered":5,"skipped":0,"pct":100},"statements":{"total":6,"covered":6,"skipped":0,"pct":100},"branches":{"total":0,"covered":0,"skipped":0,"pct":100}}
,"C:\\Users\\guts\\Documents\\GitHub\\LavaClean\\frontend\\src\\components\\BackButton.tsx": {"lines":{"total":6,"covered":0,"skipped":0,"pct":0},"functions":{"total":2,"covered":0,"skipped":0,"pct":0},"statements":{"total":6,"covered":0,"skipped":0,"pct":0},"branches":{"total":5,"covered":0,"skipped":0,"pct":0}}
,"C:\\Users\\guts\\Documents\\GitHub\\LavaClean\\frontend\\src\\components\\HeroSection.tsx": {"lines":{"total":24,"covered":13,"skipped":0,"pct":54.16},"functions":{"total":19,"covered":8,"skipped":0,"pct":42.1},"statements":{"total":26,"covered":15,"skipped":0,"pct":57.69},"branches":{"total":6,"covered":6,"skipped":0,"pct":100}}
,"C:\\Users\\guts\\Documents\\GitHub\\LavaClean\\frontend\\src\\components\\NavbarMain.tsx": {"lines":{"total":12,"covered":5,"skipped":0,"pct":41.66},"functions":{"total":6,"covered":1,"skipped":0,"pct":16.66},"statements":{"total":12,"covered":5,"skipped":0,"pct":41.66},"branches":{"total":10,"covered":4,"skipped":0,"pct":40}}
,"C:\\Users\\guts\\Documents\\GitHub\\LavaClean\\frontend\\src\\components\\PageTransition.tsx": {"lines":{"total":1,"covered":0,"skipped":0,"pct":0},"functions":{"total":1,"covered":0,"skipped":0,"pct":0},"statements":{"total":1,"covered":0,"skipped":0,"pct":0},"branches":{"total":0,"covered":0,"skipped":0,"pct":100}}
,"C:\\Users\\guts\\Documents\\GitHub\\LavaClean\\frontend\\src\\components\\SuccessScreen.tsx": {"lines":{"total":1,"covered":0,"skipped":0,"pct":0},"functions":{"total":1,"covered":0,"skipped":0,"pct":0},"statements":{"total":1,"covered":0,"skipped":0,"pct":0},"branches":{"total":0,"covered":0,"skipped":0,"pct":100}}
,"C:\\Users\\guts\\Documents\\GitHub\\LavaClean\\frontend\\src\\context\\AuthContext.tsx": {"lines":{"total":35,"covered":34,"skipped":0,"pct":97.14},"functions":{"total":6,"covered":6,"skipped":0,"pct":100},"statements":{"total":36,"covered":35,"skipped":0,"pct":97.22},"branches":{"total":10,"covered":9,"skipped":0,"pct":90}}
,"C:\\Users\\guts\\Documents\\GitHub\\LavaClean\\frontend\\src\\layouts\\AdminLayout.tsx": {"lines":{"total":10,"covered":0,"skipped":0,"pct":0},"functions":{"total":4,"covered":0,"skipped":0,"pct":0},"statements":{"total":10,"covered":0,"skipped":0,"pct":0},"branches":{"total":6,"covered":0,"skipped":0,"pct":0}}
,"C:\\Users\\guts\\Documents\\GitHub\\LavaClean\\frontend\\src\\pages\\AgendarPage.tsx": {"lines":{"total":83,"covered":0,"skipped":0,"pct":0},"functions":{"total":33,"covered":0,"skipped":0,"pct":0},"statements":{"total":86,"covered":0,"skipped":0,"pct":0},"branches":{"total":54,"covered":0,"skipped":0,"pct":0}}
,"C:\\Users\\guts\\Documents\\GitHub\\LavaClean\\frontend\\src\\pages\\LandingPage.tsx": {"lines":{"total":7,"covered":7,"skipped":0,"pct":100},"functions":{"total":3,"covered":3,"skipped":0,"pct":100},"statements":{"total":7,"covered":7,"skipped":0,"pct":100},"branches":{"total":0,"covered":0,"skipped":0,"pct":100}}
,"C:\\Users\\guts\\Documents\\GitHub\\LavaClean\\frontend\\src\\pages\\LoginPage.tsx": {"lines":{"total":28,"covered":27,"skipped":0,"pct":96.42},"functions":{"total":6,"covered":5,"skipped":0,"pct":83.33},"statements":{"total":28,"covered":27,"skipped":0,"pct":96.42},"branches":{"total":12,"covered":12,"skipped":0,"pct":100}}
,"C:\\Users\\guts\\Documents\\GitHub\\LavaClean\\frontend\\src\\pages\\PedidosPage.tsx": {"lines":{"total":29,"covered":29,"skipped":0,"pct":100},"functions":{"total":11,"covered":11,"skipped":0,"pct":100},"statements":{"total":31,"covered":30,"skipped":0,"pct":96.77},"branches":{"total":24,"covered":19,"skipped":0,"pct":79.16}}
,"C:\\Users\\guts\\Documents\\GitHub\\LavaClean\\frontend\\src\\pages\\PerfilPage.tsx": {"lines":{"total":48,"covered":35,"skipped":0,"pct":72.91},"functions":{"total":13,"covered":8,"skipped":0,"pct":61.53},"statements":{"total":50,"covered":36,"skipped":0,"pct":72},"branches":{"total":59,"covered":31,"skipped":0,"pct":52.54}}
,"C:\\Users\\guts\\Documents\\GitHub\\LavaClean\\frontend\\src\\pages\\RegisterPage.tsx": {"lines":{"total":39,"covered":0,"skipped":0,"pct":0},"functions":{"total":11,"covered":0,"skipped":0,"pct":0},"statements":{"total":39,"covered":0,"skipped":0,"pct":0},"branches":{"total":10,"covered":0,"skipped":0,"pct":0}}
,"C:\\Users\\guts\\Documents\\GitHub\\LavaClean\\frontend\\src\\pages\\admin\\AdminDashboardPage.tsx": {"lines":{"total":50,"covered":42,"skipped":0,"pct":84},"functions":{"total":21,"covered":18,"skipped":0,"pct":85.71},"statements":{"total":55,"covered":44,"skipped":0,"pct":80},"branches":{"total":35,"covered":20,"skipped":0,"pct":57.14}}
,"C:\\Users\\guts\\Documents\\GitHub\\LavaClean\\frontend\\src\\pages\\admin\\AdminInventarioPage.tsx": {"lines":{"total":88,"covered":0,"skipped":0,"pct":0},"functions":{"total":24,"covered":0,"skipped":0,"pct":0},"statements":{"total":93,"covered":0,"skipped":0,"pct":0},"branches":{"total":34,"covered":0,"skipped":0,"pct":0}}
,"C:\\Users\\guts\\Documents\\GitHub\\LavaClean\\frontend\\src\\pages\\admin\\AdminOrdersPage.tsx": {"lines":{"total":125,"covered":71,"skipped":0,"pct":56.8},"functions":{"total":49,"covered":26,"skipped":0,"pct":53.06},"statements":{"total":134,"covered":72,"skipped":0,"pct":53.73},"branches":{"total":47,"covered":17,"skipped":0,"pct":36.17}}
,"C:\\Users\\guts\\Documents\\GitHub\\LavaClean\\frontend\\src\\pages\\admin\\AdminPrendasPage.tsx": {"lines":{"total":56,"covered":44,"skipped":0,"pct":78.57},"functions":{"total":12,"covered":9,"skipped":0,"pct":75},"statements":{"total":60,"covered":44,"skipped":0,"pct":73.33},"branches":{"total":24,"covered":15,"skipped":0,"pct":62.5}}
,"C:\\Users\\guts\\Documents\\GitHub\\LavaClean\\frontend\\src\\pages\\admin\\AdminServicesPage.tsx": {"lines":{"total":58,"covered":46,"skipped":0,"pct":79.31},"functions":{"total":13,"covered":10,"skipped":0,"pct":76.92},"statements":{"total":62,"covered":46,"skipped":0,"pct":74.19},"branches":{"total":24,"covered":15,"skipped":0,"pct":62.5}}
,"C:\\Users\\guts\\Documents\\GitHub\\LavaClean\\frontend\\src\\pages\\admin\\AdminSettingsPage.tsx": {"lines":{"total":1,"covered":0,"skipped":0,"pct":0},"functions":{"total":1,"covered":0,"skipped":0,"pct":0},"statements":{"total":1,"covered":0,"skipped":0,"pct":0},"branches":{"total":0,"covered":0,"skipped":0,"pct":100}}
,"C:\\Users\\guts\\Documents\\GitHub\\LavaClean\\frontend\\src\\pages\\admin\\AdminUsersPage.tsx": {"lines":{"total":69,"covered":34,"skipped":0,"pct":49.27},"functions":{"total":18,"covered":7,"skipped":0,"pct":38.88},"statements":{"total":74,"covered":35,"skipped":0,"pct":47.29},"branches":{"total":36,"covered":16,"skipped":0,"pct":44.44}}
,"C:\\Users\\guts\\Documents\\GitHub\\LavaClean\\frontend\\src\\routes\\AdminRoute.tsx": {"lines":{"total":6,"covered":6,"skipped":0,"pct":100},"functions":{"total":1,"covered":1,"skipped":0,"pct":100},"statements":{"total":6,"covered":6,"skipped":0,"pct":100},"branches":{"total":4,"covered":4,"skipped":0,"pct":100}}
,"C:\\Users\\guts\\Documents\\GitHub\\LavaClean\\frontend\\src\\routes\\ProtectedRoute.tsx": {"lines":{"total":4,"covered":0,"skipped":0,"pct":0},"functions":{"total":1,"covered":0,"skipped":0,"pct":0},"statements":{"total":4,"covered":0,"skipped":0,"pct":0},"branches":{"total":2,"covered":0,"skipped":0,"pct":0}}
,"C:\\Users\\guts\\Documents\\GitHub\\LavaClean\\frontend\\src\\utils\\jwt.ts": {"lines":{"total":11,"covered":0,"skipped":0,"pct":0},"functions":{"total":2,"covered":0,"skipped":0,"pct":0},"statements":{"total":14,"covered":0,"skipped":0,"pct":0},"branches":{"total":6,"covered":0,"skipped":0,"pct":0}}
}
