{"total": {"lines":{"total":1010,"covered":644,"skipped":0,"pct":63.76},"statements":{"total":1066,"covered":653,"skipped":0,"pct":61.25},"functions":{"total":363,"covered":203,"skipped":0,"pct":55.92},"branches":{"total":776,"covered":399,"skipped":0,"pct":51.41},"branchesTrue":{"total":0,"covered":0,"skipped":0,"pct":100}}
,"C:\\Users\\Lucas\\Documents\\GitHub\\LavaClean\\frontend\\src\\App.tsx": {"lines":{"total":1,"covered":0,"skipped":0,"pct":0},"functions":{"total":1,"covered":0,"skipped":0,"pct":0},"statements":{"total":1,"covered":0,"skipped":0,"pct":0},"branches":{"total":0,"covered":0,"skipped":0,"pct":100}}
,"C:\\Users\\Lucas\\Documents\\GitHub\\LavaClean\\frontend\\src\\api\\apiClient.ts": {"lines":{"total":44,"covered":33,"skipped":0,"pct":75},"functions":{"total":4,"covered":4,"skipped":0,"pct":100},"statements":{"total":44,"covered":33,"skipped":0,"pct":75},"branches":{"total":43,"covered":38,"skipped":0,"pct":88.37}}
,"C:\\Users\\Lucas\\Documents\\GitHub\\LavaClean\\frontend\\src\\api\\authService.ts": {"lines":{"total":2,"covered":2,"skipped":0,"pct":100},"functions":{"total":1,"covered":1,"skipped":0,"pct":100},"statements":{"total":2,"covered":2,"skipped":0,"pct":100},"branches":{"total":0,"covered":0,"skipped":0,"pct":100}}
,"C:\\Users\\Lucas\\Documents\\GitHub\\LavaClean\\frontend\\src\\api\\inventarioService.ts": {"lines":{"total":9,"covered":8,"skipped":0,"pct":88.88},"functions":{"total":8,"covered":7,"skipped":0,"pct":87.5},"statements":{"total":9,"covered":8,"skipped":0,"pct":88.88},"branches":{"total":0,"covered":0,"skipped":0,"pct":100}}
,"C:\\Users\\Lucas\\Documents\\GitHub\\LavaClean\\frontend\\src\\api\\pedidoService.ts": {"lines":{"total":9,"covered":6,"skipped":0,"pct":66.66},"functions":{"total":6,"covered":4,"skipped":0,"pct":66.66},"statements":{"total":9,"covered":6,"skipped":0,"pct":66.66},"branches":{"total":0,"covered":0,"skipped":0,"pct":100}}
,"C:\\Users\\Lucas\\Documents\\GitHub\\LavaClean\\frontend\\src\\api\\prendaService.ts": {"lines":{"total":5,"covered":5,"skipped":0,"pct":100},"functions":{"total":4,"covered":4,"skipped":0,"pct":100},"statements":{"total":5,"covered":5,"skipped":0,"pct":100},"branches":{"total":0,"covered":0,"skipped":0,"pct":100}}
,"C:\\Users\\Lucas\\Documents\\GitHub\\LavaClean\\frontend\\src\\api\\servicioService.ts": {"lines":{"total":8,"covered":5,"skipped":0,"pct":62.5},"functions":{"total":7,"covered":4,"skipped":0,"pct":57.14},"statements":{"total":8,"covered":5,"skipped":0,"pct":62.5},"branches":{"total":0,"covered":0,"skipped":0,"pct":100}}
,"C:\\Users\\Lucas\\Documents\\GitHub\\LavaClean\\frontend\\src\\api\\usuarioService.ts": {"lines":{"total":6,"covered":6,"skipped":0,"pct":100},"functions":{"total":5,"covered":5,"skipped":0,"pct":100},"statements":{"total":6,"covered":6,"skipped":0,"pct":100},"branches":{"total":0,"covered":0,"skipped":0,"pct":100}}
,"C:\\Users\\Lucas\\Documents\\GitHub\\LavaClean\\frontend\\src\\components\\BackButton.tsx": {"lines":{"total":6,"covered":0,"skipped":0,"pct":0},"functions":{"total":2,"covered":0,"skipped":0,"pct":0},"statements":{"total":6,"covered":0,"skipped":0,"pct":0},"branches":{"total":5,"covered":0,"skipped":0,"pct":0}}
,"C:\\Users\\Lucas\\Documents\\GitHub\\LavaClean\\frontend\\src\\components\\HeroSection.tsx": {"lines":{"total":24,"covered":13,"skipped":0,"pct":54.16},"functions":{"total":19,"covered":8,"skipped":0,"pct":42.1},"statements":{"total":26,"covered":15,"skipped":0,"pct":57.69},"branches":{"total":6,"covered":6,"skipped":0,"pct":100}}
,"C:\\Users\\Lucas\\Documents\\GitHub\\LavaClean\\frontend\\src\\components\\NavbarMain.tsx": {"lines":{"total":12,"covered":5,"skipped":0,"pct":41.66},"functions":{"total":6,"covered":1,"skipped":0,"pct":16.66},"statements":{"total":12,"covered":5,"skipped":0,"pct":41.66},"branches":{"total":10,"covered":4,"skipped":0,"pct":40}}
,"C:\\Users\\Lucas\\Documents\\GitHub\\LavaClean\\frontend\\src\\components\\PageTransition.tsx": {"lines":{"total":1,"covered":0,"skipped":0,"pct":0},"functions":{"total":1,"covered":0,"skipped":0,"pct":0},"statements":{"total":1,"covered":0,"skipped":0,"pct":0},"branches":{"total":0,"covered":0,"skipped":0,"pct":100}}
,"C:\\Users\\Lucas\\Documents\\GitHub\\LavaClean\\frontend\\src\\components\\SuccessScreen.tsx": {"lines":{"total":1,"covered":0,"skipped":0,"pct":0},"functions":{"total":1,"covered":0,"skipped":0,"pct":0},"statements":{"total":1,"covered":0,"skipped":0,"pct":0},"branches":{"total":0,"covered":0,"skipped":0,"pct":100}}
,"C:\\Users\\Lucas\\Documents\\GitHub\\LavaClean\\frontend\\src\\context\\AuthContext.tsx": {"lines":{"total":35,"covered":34,"skipped":0,"pct":97.14},"functions":{"total":6,"covered":6,"skipped":0,"pct":100},"statements":{"total":36,"covered":35,"skipped":0,"pct":97.22},"branches":{"total":10,"covered":9,"skipped":0,"pct":90}}
,"C:\\Users\\Lucas\\Documents\\GitHub\\LavaClean\\frontend\\src\\layouts\\AdminLayout.tsx": {"lines":{"total":10,"covered":0,"skipped":0,"pct":0},"functions":{"total":4,"covered":0,"skipped":0,"pct":0},"statements":{"total":10,"covered":0,"skipped":0,"pct":0},"branches":{"total":6,"covered":0,"skipped":0,"pct":0}}
,"C:\\Users\\Lucas\\Documents\\GitHub\\LavaClean\\frontend\\src\\pages\\AgendarPage.tsx": {"lines":{"total":131,"covered":0,"skipped":0,"pct":0},"functions":{"total":55,"covered":0,"skipped":0,"pct":0},"statements":{"total":138,"covered":0,"skipped":0,"pct":0},"branches":{"total":133,"covered":0,"skipped":0,"pct":0}}
,"C:\\Users\\Lucas\\Documents\\GitHub\\LavaClean\\frontend\\src\\pages\\LandingPage.tsx": {"lines":{"total":7,"covered":7,"skipped":0,"pct":100},"functions":{"total":3,"covered":3,"skipped":0,"pct":100},"statements":{"total":7,"covered":7,"skipped":0,"pct":100},"branches":{"total":0,"covered":0,"skipped":0,"pct":100}}
,"C:\\Users\\Lucas\\Documents\\GitHub\\LavaClean\\frontend\\src\\pages\\LoginPage.tsx": {"lines":{"total":28,"covered":27,"skipped":0,"pct":96.42},"functions":{"total":6,"covered":5,"skipped":0,"pct":83.33},"statements":{"total":28,"covered":27,"skipped":0,"pct":96.42},"branches":{"total":12,"covered":12,"skipped":0,"pct":100}}
,"C:\\Users\\Lucas\\Documents\\GitHub\\LavaClean\\frontend\\src\\pages\\PedidosPage.tsx": {"lines":{"total":29,"covered":28,"skipped":0,"pct":96.55},"functions":{"total":11,"covered":10,"skipped":0,"pct":90.9},"statements":{"total":30,"covered":28,"skipped":0,"pct":93.33},"branches":{"total":81,"covered":44,"skipped":0,"pct":54.32}}
,"C:\\Users\\Lucas\\Documents\\GitHub\\LavaClean\\frontend\\src\\pages\\PerfilPage.tsx": {"lines":{"total":48,"covered":35,"skipped":0,"pct":72.91},"functions":{"total":13,"covered":8,"skipped":0,"pct":61.53},"statements":{"total":50,"covered":36,"skipped":0,"pct":72},"branches":{"total":59,"covered":31,"skipped":0,"pct":52.54}}
,"C:\\Users\\Lucas\\Documents\\GitHub\\LavaClean\\frontend\\src\\pages\\RegisterPage.tsx": {"lines":{"total":39,"covered":38,"skipped":0,"pct":97.43},"functions":{"total":11,"covered":10,"skipped":0,"pct":90.9},"statements":{"total":39,"covered":38,"skipped":0,"pct":97.43},"branches":{"total":10,"covered":10,"skipped":0,"pct":100}}
,"C:\\Users\\Lucas\\Documents\\GitHub\\LavaClean\\frontend\\src\\pages\\admin\\AdminDashboardPage.tsx": {"lines":{"total":50,"covered":42,"skipped":0,"pct":84},"functions":{"total":21,"covered":18,"skipped":0,"pct":85.71},"statements":{"total":55,"covered":44,"skipped":0,"pct":80},"branches":{"total":35,"covered":20,"skipped":0,"pct":57.14}}
,"C:\\Users\\Lucas\\Documents\\GitHub\\LavaClean\\frontend\\src\\pages\\admin\\AdminInventarioPage.tsx": {"lines":{"total":88,"covered":78,"skipped":0,"pct":88.63},"functions":{"total":24,"covered":23,"skipped":0,"pct":95.83},"statements":{"total":93,"covered":78,"skipped":0,"pct":83.87},"branches":{"total":34,"covered":27,"skipped":0,"pct":79.41}}
,"C:\\Users\\Lucas\\Documents\\GitHub\\LavaClean\\frontend\\src\\pages\\admin\\AdminOrdersPage.tsx": {"lines":{"total":181,"covered":126,"skipped":0,"pct":69.61},"functions":{"total":74,"covered":47,"skipped":0,"pct":63.51},"statements":{"total":196,"covered":127,"skipped":0,"pct":64.79},"branches":{"total":174,"covered":113,"skipped":0,"pct":64.94}}
,"C:\\Users\\Lucas\\Documents\\GitHub\\LavaClean\\frontend\\src\\pages\\admin\\AdminPrendasPage.tsx": {"lines":{"total":57,"covered":44,"skipped":0,"pct":77.19},"functions":{"total":13,"covered":9,"skipped":0,"pct":69.23},"statements":{"total":61,"covered":44,"skipped":0,"pct":72.13},"branches":{"total":28,"covered":17,"skipped":0,"pct":60.71}}
,"C:\\Users\\Lucas\\Documents\\GitHub\\LavaClean\\frontend\\src\\pages\\admin\\AdminServicesPage.tsx": {"lines":{"total":71,"covered":46,"skipped":0,"pct":64.78},"functions":{"total":26,"covered":10,"skipped":0,"pct":38.46},"statements":{"total":75,"covered":46,"skipped":0,"pct":61.33},"branches":{"total":56,"covered":25,"skipped":0,"pct":44.64}}
,"C:\\Users\\Lucas\\Documents\\GitHub\\LavaClean\\frontend\\src\\pages\\admin\\AdminSettingsPage.tsx": {"lines":{"total":1,"covered":0,"skipped":0,"pct":0},"functions":{"total":1,"covered":0,"skipped":0,"pct":0},"statements":{"total":1,"covered":0,"skipped":0,"pct":0},"branches":{"total":0,"covered":0,"skipped":0,"pct":100}}
,"C:\\Users\\Lucas\\Documents\\GitHub\\LavaClean\\frontend\\src\\pages\\admin\\AdminUsersPage.tsx": {"lines":{"total":69,"covered":34,"skipped":0,"pct":49.27},"functions":{"total":18,"covered":7,"skipped":0,"pct":38.88},"statements":{"total":74,"covered":35,"skipped":0,"pct":47.29},"branches":{"total":36,"covered":16,"skipped":0,"pct":44.44}}
,"C:\\Users\\Lucas\\Documents\\GitHub\\LavaClean\\frontend\\src\\routes\\AdminRoute.tsx": {"lines":{"total":6,"covered":6,"skipped":0,"pct":100},"functions":{"total":1,"covered":1,"skipped":0,"pct":100},"statements":{"total":6,"covered":6,"skipped":0,"pct":100},"branches":{"total":4,"covered":4,"skipped":0,"pct":100}}
,"C:\\Users\\Lucas\\Documents\\GitHub\\LavaClean\\frontend\\src\\routes\\ProtectedRoute.tsx": {"lines":{"total":4,"covered":0,"skipped":0,"pct":0},"functions":{"total":1,"covered":0,"skipped":0,"pct":0},"statements":{"total":4,"covered":0,"skipped":0,"pct":0},"branches":{"total":2,"covered":0,"skipped":0,"pct":0}}
,"C:\\Users\\Lucas\\Documents\\GitHub\\LavaClean\\frontend\\src\\utils\\jwt.ts": {"lines":{"total":11,"covered":0,"skipped":0,"pct":0},"functions":{"total":2,"covered":0,"skipped":0,"pct":0},"statements":{"total":14,"covered":0,"skipped":0,"pct":0},"branches":{"total":6,"covered":0,"skipped":0,"pct":0}}
,"C:\\Users\\Lucas\\Documents\\GitHub\\LavaClean\\frontend\\src\\utils\\pedido.ts": {"lines":{"total":17,"covered":16,"skipped":0,"pct":94.11},"functions":{"total":8,"covered":8,"skipped":0,"pct":100},"statements":{"total":19,"covered":17,"skipped":0,"pct":89.47},"branches":{"total":26,"covered":23,"skipped":0,"pct":88.46}}
}
